INFO Watching for file changes with StatReloader
INFO Watching for file changes with StatReloader 2023-04-12 12:05:55,068
WARNING Not Found: / 2023-04-12 12:06:47,899
WARNING "GET / HTTP/1.1" 404 2491 2023-04-12 12:06:47,899
WARNING Not Found: /favicon.ico 2023-04-12 12:06:48,003
WARNING "GET /favicon.ico HTTP/1.1" 404 2542 2023-04-12 12:06:48,003
INFO /Users/albinaalieva/Documents/PycharmProjects/pythonProject10/NewsPaper/news/models.py changed, reloading. 2023-04-12 12:06:48,319
INFO Watching for file changes with StatReloader 2023-04-12 12:06:48,727
INFO /Users/albinaalieva/Documents/PycharmProjects/pythonProject10/NewsPaper/news/views.py changed, reloading. 2023-04-12 12:07:23,099
INFO Watching for file changes with StatReloader 2023-04-12 12:07:23,507
INFO /Users/albinaalieva/Documents/PycharmProjects/pythonProject10/NewsPaper/news/views.py changed, reloading. 2023-04-12 12:07:58,830
INFO Watching for file changes with StatReloader 2023-04-12 12:07:59,224
INFO /Users/albinaalieva/Documents/PycharmProjects/pythonProject10/NewsPaper/news/views.py changed, reloading. 2023-04-12 12:11:07,108
INFO Watching for file changes with StatReloader 2023-04-12 12:11:07,495
INFO /Users/albinaalieva/Documents/PycharmProjects/pythonProject10/NewsPaper/NewsPaper/settings.py changed, reloading. 2023-04-12 12:13:00,659
INFO Watching for file changes with StatReloader 2023-04-12 12:13:01,053
INFO /Users/albinaalieva/Documents/PycharmProjects/pythonProject10/NewsPaper/news/views.py changed, reloading. 2023-04-12 12:14:53,315
INFO Watching for file changes with StatReloader 2023-04-12 12:14:53,707
INFO /Users/albinaalieva/Documents/PycharmProjects/pythonProject10/NewsPaper/news/views.py changed, reloading. 2023-04-12 12:15:13,623
INFO Watching for file changes with StatReloader 2023-04-12 12:15:14,030
INFO /Users/albinaalieva/Documents/PycharmProjects/pythonProject10/NewsPaper/news/views.py changed, reloading. 2023-04-12 12:15:40,010
INFO Watching for file changes with StatReloader 2023-04-12 12:15:40,398
INFO /Users/albinaalieva/Documents/PycharmProjects/pythonProject10/NewsPaper/NewsPaper/settings.py changed, reloading. 2023-04-12 12:16:05,491
INFO Watching for file changes with StatReloader 2023-04-12 12:17:20,523
INFO /Users/albinaalieva/Documents/PycharmProjects/pythonProject10/NewsPaper/news/views.py changed, reloading. 2023-04-12 12:17:30,091
INFO Watching for file changes with StatReloader 2023-04-12 12:17:30,490
INFO /Users/albinaalieva/Documents/PycharmProjects/pythonProject10/NewsPaper/news/views.py changed, reloading. 2023-04-12 12:17:47,138
INFO Watching for file changes with StatReloader 2023-04-12 12:17:47,583
INFO /Users/albinaalieva/Documents/PycharmProjects/pythonProject10/NewsPaper/NewsPaper/settings.py changed, reloading. 2023-04-12 12:18:11,713
INFO Watching for file changes with StatReloader 2023-04-12 12:18:12,123
INFO /Users/albinaalieva/Documents/PycharmProjects/pythonProject10/NewsPaper/news/views.py changed, reloading. 2023-04-12 12:18:16,470
INFO Watching for file changes with StatReloader 2023-04-12 12:18:16,866
INFO /Users/albinaalieva/Documents/PycharmProjects/pythonProject10/NewsPaper/news/views.py changed, reloading. 2023-04-12 12:20:00,609
INFO Watching for file changes with StatReloader 2023-04-12 12:20:01,019
INFO /Users/albinaalieva/Documents/PycharmProjects/pythonProject10/NewsPaper/news/views.py changed, reloading. 2023-04-12 12:21:27,352
INFO Watching for file changes with StatReloader 2023-04-12 12:21:27,740
INFO /Users/albinaalieva/Documents/PycharmProjects/pythonProject10/NewsPaper/news/views.py changed, reloading. 2023-04-12 12:21:43,333
INFO Watching for file changes with StatReloader 2023-04-12 12:21:43,719
INFO /Users/albinaalieva/Documents/PycharmProjects/pythonProject10/NewsPaper/news/views.py changed, reloading. 2023-04-12 12:24:27,971
INFO Watching for file changes with StatReloader 2023-04-12 12:24:28,361
INFO /Users/albinaalieva/Documents/PycharmProjects/pythonProject10/NewsPaper/news/views.py changed, reloading. 2023-04-12 12:35:33,404
INFO Watching for file changes with StatReloader 2023-04-12 12:35:33,826
INFO /Users/albinaalieva/Documents/PycharmProjects/pythonProject10/NewsPaper/news/views.py changed, reloading. 2023-04-12 12:41:11,589
INFO Watching for file changes with StatReloader 2023-04-12 12:41:11,986
INFO /Users/albinaalieva/Documents/PycharmProjects/pythonProject10/NewsPaper/news/views.py changed, reloading. 2023-04-12 12:41:23,503
INFO Watching for file changes with StatReloader 2023-04-12 12:41:23,900
INFO /Users/albinaalieva/Documents/PycharmProjects/pythonProject10/NewsPaper/news/views.py changed, reloading. 2023-04-12 12:42:02,735
INFO Watching for file changes with StatReloader 2023-04-12 12:42:03,165
INFO Watching for file changes with StatReloader 2023-04-12 12:45:20,430
INFO /Users/albinaalieva/Documents/PycharmProjects/pythonProject10/NewsPaper/news/views.py changed, reloading. 2023-04-12 12:45:36,967
INFO Watching for file changes with StatReloader 2023-04-12 12:45:37,369
INFO /Users/albinaalieva/Documents/PycharmProjects/pythonProject10/NewsPaper/NewsPaper/settings.py changed, reloading. 2023-04-12 12:47:11,472
INFO Watching for file changes with StatReloader 2023-04-12 12:47:11,872
INFO /Users/albinaalieva/Documents/PycharmProjects/pythonProject10/NewsPaper/news/views.py changed, reloading. 2023-04-12 12:47:23,404
INFO Watching for file changes with StatReloader 2023-04-12 12:47:23,809
INFO /Users/albinaalieva/Documents/PycharmProjects/pythonProject10/NewsPaper/NewsPaper/settings.py changed, reloading. 2023-04-12 12:48:04,076
INFO Watching for file changes with StatReloader 2023-04-12 12:48:04,477
INFO /Users/albinaalieva/Documents/PycharmProjects/pythonProject10/NewsPaper/news/views.py changed, reloading. 2023-04-12 12:48:13,857
INFO Watching for file changes with StatReloader 2023-04-12 12:48:14,236
INFO /Users/albinaalieva/Documents/PycharmProjects/pythonProject10/NewsPaper/NewsPaper/settings.py changed, reloading. 2023-04-12 12:54:01,122
INFO Watching for file changes with StatReloader 2023-04-12 12:54:01,510
INFO /Users/albinaalieva/Documents/PycharmProjects/pythonProject10/NewsPaper/news/views.py changed, reloading. 2023-04-12 12:55:33,032
INFO Watching for file changes with StatReloader 2023-04-12 12:56:39,150
INFO /Users/albinaalieva/Documents/PycharmProjects/pythonProject10/NewsPaper/news/views.py changed, reloading. 2023-04-12 13:00:09,770
INFO Watching for file changes with StatReloader 2023-04-12 13:00:10,203
INFO /Users/albinaalieva/Documents/PycharmProjects/pythonProject10/NewsPaper/news/views.py changed, reloading. 2023-04-12 13:00:46,513
INFO Watching for file changes with StatReloader 2023-04-12 13:00:46,934
INFO /Users/albinaalieva/Documents/PycharmProjects/pythonProject10/NewsPaper/news/views.py changed, reloading. 2023-04-12 13:12:52,045
INFO 2023-04-12 13:12:52,448 autoreload  56018  8602489472 Watching for file changes with StatReloader 
INFO 2023-04-12 13:13:23,530 autoreload  56018  8602489472 /Users/albinaalieva/Documents/PycharmProjects/pythonProject10/NewsPaper/news/views.py changed, reloading. 
INFO 2023-04-12 13:13:23,920 autoreload  56059  8596112000 Watching for file changes with StatReloader 
INFO 2023-04-12 13:25:12,323 autoreload  56059  8596112000 /Users/albinaalieva/Documents/PycharmProjects/pythonProject10/NewsPaper/NewsPaper/settings.py changed, reloading. 
INFO 2023-04-12 13:25:12,735 autoreload  56789  8631673472 Watching for file changes with StatReloader 
INFO 2023-04-12 13:25:24,201 autoreload  56789  8631673472 /Users/albinaalieva/Documents/PycharmProjects/pythonProject10/NewsPaper/news/views.py changed, reloading. 
INFO 2023-04-12 13:25:24,602 autoreload  56809  8602763904 Watching for file changes with StatReloader 
INFO 2023-04-12 13:28:52,296 autoreload  56809  8602763904 /Users/albinaalieva/Documents/PycharmProjects/pythonProject10/NewsPaper/NewsPaper/settings.py changed, reloading. 
INFO 2023-04-12 13:28:52,715 autoreload  57028  8608293504 Watching for file changes with StatReloader 
INFO 2023-04-13 03:13:11,127 autoreload  57028  8608293504 /Users/albinaalieva/Documents/PycharmProjects/pythonProject10/NewsPaper/NewsPaper/settings.py changed, reloading. 
INFO 2023-04-13 03:13:11,656 autoreload autoreload.py Watching for file changes with StatReloader
WARNING 2023-04-13 03:13:14,765 log log.py Not Found: /
WARNING 2023-04-13 03:13:14,766 basehttp basehttp.py "GET / HTTP/1.1" 404 2491
INFO 2023-04-13 03:13:23,661 basehttp basehttp.py "GET /news HTTP/1.1" 301 0
INFO 2023-04-13 03:13:23,740 basehttp basehttp.py "GET /news/ HTTP/1.1" 200 8095
INFO 2023-04-13 03:13:23,769 basehttp basehttp.py "GET /static/css/styles.css HTTP/1.1" 200 206521
INFO 2023-04-13 03:13:47,490 autoreload autoreload.py /Users/albinaalieva/Documents/PycharmProjects/pythonProject10/NewsPaper/news/views.py changed, reloading.
INFO 2023-04-13 03:13:47,897 autoreload autoreload.py Watching for file changes with StatReloader
INFO 2023-04-13 03:14:12,824 autoreload autoreload.py /Users/albinaalieva/Documents/PycharmProjects/pythonProject10/NewsPaper/news/views.py changed, reloading.
INFO 2023-04-13 03:14:13,214 autoreload autoreload.py Watching for file changes with StatReloader
INFO 2023-04-13 03:14:41,393 autoreload autoreload.py /Users/albinaalieva/Documents/PycharmProjects/pythonProject10/NewsPaper/news/views.py changed, reloading.
INFO 2023-04-13 03:14:41,798 autoreload autoreload.py Watching for file changes with StatReloader
INFO 2023-04-13 03:14:52,353 autoreload autoreload.py /Users/albinaalieva/Documents/PycharmProjects/pythonProject10/NewsPaper/news/views.py changed, reloading.
INFO 2023-04-13 03:14:52,756 autoreload autoreload.py Watching for file changes with StatReloader
INFO 2023-04-13 03:15:00,204 basehttp basehttp.py "GET /news/ HTTP/1.1" 200 8095
INFO 2023-04-13 03:15:39,798 autoreload autoreload.py /Users/albinaalieva/Documents/PycharmProjects/pythonProject10/NewsPaper/news/views.py changed, reloading.
INFO 2023-04-13 03:15:40,184 autoreload autoreload.py Watching for file changes with StatReloader
INFO 2023-04-13 03:15:47,919 basehttp basehttp.py "GET /news/ HTTP/1.1" 200 8095
INFO 2023-04-13 03:15:51,126 basehttp basehttp.py "GET /news/ HTTP/1.1" 200 8095
ERROR 2023-04-13 03:15:53,987 log log.py Internal Server Error: /news/
Traceback (most recent call last):
  File "/Users/albinaalieva/Documents/PycharmProjects/pythonProject10/venv/lib/python3.8/site-packages/django/core/handlers/exception.py", line 55, in inner
    response = get_response(request)
  File "/Users/albinaalieva/Documents/PycharmProjects/pythonProject10/venv/lib/python3.8/site-packages/django/core/handlers/base.py", line 197, in _get_response
    response = wrapped_callback(request, *callback_args, **callback_kwargs)
  File "/Users/albinaalieva/Documents/PycharmProjects/pythonProject10/venv/lib/python3.8/site-packages/django/utils/decorators.py", line 133, in _wrapped_view
    response = view_func(request, *args, **kwargs)
  File "/Users/albinaalieva/Documents/PycharmProjects/pythonProject10/venv/lib/python3.8/site-packages/django/views/generic/base.py", line 103, in view
    return self.dispatch(request, *args, **kwargs)
  File "/Users/albinaalieva/Documents/PycharmProjects/pythonProject10/venv/lib/python3.8/site-packages/django/views/generic/base.py", line 142, in dispatch
    return handler(request, *args, **kwargs)
  File "/Users/albinaalieva/Documents/PycharmProjects/pythonProject10/venv/lib/python3.8/site-packages/django/views/generic/list.py", line 154, in get
    self.object_list = self.get_queryset()
  File "/Users/albinaalieva/Documents/PycharmProjects/pythonProject10/NewsPaper/news/views.py", line 47, in get_queryset
    queryset = super().get_queryset()
  File "/Users/albinaalieva/Documents/PycharmProjects/pythonProject10/venv/lib/python3.8/site-packages/django/views/generic/list.py", line 45, in get_queryset
    queryset = queryset.order_by(*ordering)
  File "/Users/albinaalieva/Documents/PycharmProjects/pythonProject10/venv/lib/python3.8/site-packages/django/db/models/query.py", line 1645, in order_by
    obj.query.add_ordering(*field_names)
  File "/Users/albinaalieva/Documents/PycharmProjects/pythonProject10/venv/lib/python3.8/site-packages/django/db/models/sql/query.py", line 2202, in add_ordering
    self.names_to_path(item.split(LOOKUP_SEP), self.model._meta)
  File "/Users/albinaalieva/Documents/PycharmProjects/pythonProject10/venv/lib/python3.8/site-packages/django/db/models/sql/query.py", line 1709, in names_to_path
    raise FieldError(
django.core.exceptions.FieldError: Cannot resolve keyword 'dateCreations' into field. Choices are: author, author_id, categoryType, categorypost, comment, dateCreation, id, postCategory, postcategory, rating, text, title
ERROR 2023-04-13 03:15:53,989 basehttp basehttp.py "GET /news/?page=8 HTTP/1.1" 500 124899
INFO 2023-04-13 03:16:30,550 autoreload autoreload.py /Users/albinaalieva/Documents/PycharmProjects/pythonProject10/NewsPaper/news/views.py changed, reloading.
INFO 2023-04-13 03:16:30,971 autoreload autoreload.py Watching for file changes with StatReloader
INFO 2023-04-13 03:16:31,277 basehttp basehttp.py "GET /news/?page=8 HTTP/1.1" 200 9659
INFO 2023-04-13 03:28:27,860 autoreload autoreload.py /Users/albinaalieva/Documents/PycharmProjects/pythonProject10/NewsPaper/news/views.py changed, reloading.
2023-04-13 03:29:43,180 INFO /Users/albinaalieva/Documents/PycharmProjects/pythonProject10/venv/lib/python3.8/site-packages/django/utils/autoreload.py None Watching for file changes with StatReloader
2023-04-13 03:29:48,550 INFO /Users/albinaalieva/Documents/PycharmProjects/pythonProject10/venv/lib/python3.8/site-packages/django/utils/autoreload.py None /Users/albinaalieva/Documents/PycharmProjects/pythonProject10/NewsPaper/news/views.py changed, reloading.
2023-04-13 03:29:48,955 INFO /Users/albinaalieva/Documents/PycharmProjects/pythonProject10/venv/lib/python3.8/site-packages/django/utils/autoreload.py None Watching for file changes with StatReloader
2023-04-13 03:29:53,821 ERROR /Users/albinaalieva/Documents/PycharmProjects/pythonProject10/venv/lib/python3.8/site-packages/django/utils/log.py (<class 'django.core.exceptions.FieldError'>, FieldError("Cannot resolve keyword 'dateCreations' into field. Choices are: author, author_id, categoryType, categorypost, comment, dateCreation, id, postCategory, postcategory, rating, text, title"), <traceback object at 0x7fd7f1127300>) Internal Server Error: /news/
Traceback (most recent call last):
  File "/Users/albinaalieva/Documents/PycharmProjects/pythonProject10/venv/lib/python3.8/site-packages/django/core/handlers/exception.py", line 55, in inner
    response = get_response(request)
  File "/Users/albinaalieva/Documents/PycharmProjects/pythonProject10/venv/lib/python3.8/site-packages/django/core/handlers/base.py", line 197, in _get_response
    response = wrapped_callback(request, *callback_args, **callback_kwargs)
  File "/Users/albinaalieva/Documents/PycharmProjects/pythonProject10/venv/lib/python3.8/site-packages/django/utils/decorators.py", line 133, in _wrapped_view
    response = view_func(request, *args, **kwargs)
  File "/Users/albinaalieva/Documents/PycharmProjects/pythonProject10/venv/lib/python3.8/site-packages/django/views/generic/base.py", line 103, in view
    return self.dispatch(request, *args, **kwargs)
  File "/Users/albinaalieva/Documents/PycharmProjects/pythonProject10/venv/lib/python3.8/site-packages/django/views/generic/base.py", line 142, in dispatch
    return handler(request, *args, **kwargs)
  File "/Users/albinaalieva/Documents/PycharmProjects/pythonProject10/venv/lib/python3.8/site-packages/django/views/generic/list.py", line 154, in get
    self.object_list = self.get_queryset()
  File "/Users/albinaalieva/Documents/PycharmProjects/pythonProject10/NewsPaper/news/views.py", line 47, in get_queryset
    queryset = super().get_queryset()
  File "/Users/albinaalieva/Documents/PycharmProjects/pythonProject10/venv/lib/python3.8/site-packages/django/views/generic/list.py", line 45, in get_queryset
    queryset = queryset.order_by(*ordering)
  File "/Users/albinaalieva/Documents/PycharmProjects/pythonProject10/venv/lib/python3.8/site-packages/django/db/models/query.py", line 1645, in order_by
    obj.query.add_ordering(*field_names)
  File "/Users/albinaalieva/Documents/PycharmProjects/pythonProject10/venv/lib/python3.8/site-packages/django/db/models/sql/query.py", line 2202, in add_ordering
    self.names_to_path(item.split(LOOKUP_SEP), self.model._meta)
  File "/Users/albinaalieva/Documents/PycharmProjects/pythonProject10/venv/lib/python3.8/site-packages/django/db/models/sql/query.py", line 1709, in names_to_path
    raise FieldError(
django.core.exceptions.FieldError: Cannot resolve keyword 'dateCreations' into field. Choices are: author, author_id, categoryType, categorypost, comment, dateCreation, id, postCategory, postcategory, rating, text, title
2023-04-13 03:29:53,823 ERROR /Users/albinaalieva/Documents/PycharmProjects/pythonProject10/venv/lib/python3.8/site-packages/django/core/servers/basehttp.py None "GET /news/?page=7 HTTP/1.1" 500 125829
2023-04-13 03:33:47,286 ERROR /Users/albinaalieva/Documents/PycharmProjects/pythonProject10/venv/lib/python3.8/site-packages/django/utils/log.py (<class 'django.core.exceptions.FieldError'>, FieldError("Cannot resolve keyword 'dateCreations' into field. Choices are: author, author_id, categoryType, categorypost, comment, dateCreation, id, postCategory, postcategory, rating, text, title"), <traceback object at 0x7fd7e0f2ee80>) Internal Server Error: /news/
Traceback (most recent call last):
  File "/Users/albinaalieva/Documents/PycharmProjects/pythonProject10/venv/lib/python3.8/site-packages/django/core/handlers/exception.py", line 55, in inner
    response = get_response(request)
  File "/Users/albinaalieva/Documents/PycharmProjects/pythonProject10/venv/lib/python3.8/site-packages/django/core/handlers/base.py", line 197, in _get_response
    response = wrapped_callback(request, *callback_args, **callback_kwargs)
  File "/Users/albinaalieva/Documents/PycharmProjects/pythonProject10/venv/lib/python3.8/site-packages/django/utils/decorators.py", line 133, in _wrapped_view
    response = view_func(request, *args, **kwargs)
  File "/Users/albinaalieva/Documents/PycharmProjects/pythonProject10/venv/lib/python3.8/site-packages/django/views/generic/base.py", line 103, in view
    return self.dispatch(request, *args, **kwargs)
  File "/Users/albinaalieva/Documents/PycharmProjects/pythonProject10/venv/lib/python3.8/site-packages/django/views/generic/base.py", line 142, in dispatch
    return handler(request, *args, **kwargs)
  File "/Users/albinaalieva/Documents/PycharmProjects/pythonProject10/venv/lib/python3.8/site-packages/django/views/generic/list.py", line 154, in get
    self.object_list = self.get_queryset()
  File "/Users/albinaalieva/Documents/PycharmProjects/pythonProject10/NewsPaper/news/views.py", line 47, in get_queryset
    queryset = super().get_queryset()
  File "/Users/albinaalieva/Documents/PycharmProjects/pythonProject10/venv/lib/python3.8/site-packages/django/views/generic/list.py", line 45, in get_queryset
    queryset = queryset.order_by(*ordering)
  File "/Users/albinaalieva/Documents/PycharmProjects/pythonProject10/venv/lib/python3.8/site-packages/django/db/models/query.py", line 1645, in order_by
    obj.query.add_ordering(*field_names)
  File "/Users/albinaalieva/Documents/PycharmProjects/pythonProject10/venv/lib/python3.8/site-packages/django/db/models/sql/query.py", line 2202, in add_ordering
    self.names_to_path(item.split(LOOKUP_SEP), self.model._meta)
  File "/Users/albinaalieva/Documents/PycharmProjects/pythonProject10/venv/lib/python3.8/site-packages/django/db/models/sql/query.py", line 1709, in names_to_path
    raise FieldError(
django.core.exceptions.FieldError: Cannot resolve keyword 'dateCreations' into field. Choices are: author, author_id, categoryType, categorypost, comment, dateCreation, id, postCategory, postcategory, rating, text, title
2023-04-13 03:33:47,287 ERROR /Users/albinaalieva/Documents/PycharmProjects/pythonProject10/venv/lib/python3.8/site-packages/django/core/servers/basehttp.py None "GET /news/?page=7 HTTP/1.1" 500 125829
2023-04-13 03:33:48,136 INFO /Users/albinaalieva/Documents/PycharmProjects/pythonProject10/venv/lib/python3.8/site-packages/django/utils/autoreload.py None /Users/albinaalieva/Documents/PycharmProjects/pythonProject10/NewsPaper/news/views.py changed, reloading.
2023-04-13 03:33:48,562 INFO /Users/albinaalieva/Documents/PycharmProjects/pythonProject10/venv/lib/python3.8/site-packages/django/utils/autoreload.py None Watching for file changes with StatReloader
2023-04-13 03:33:56,782 INFO /Users/albinaalieva/Documents/PycharmProjects/pythonProject10/venv/lib/python3.8/site-packages/django/core/servers/basehttp.py None "GET /news/?page=7 HTTP/1.1" 200 11776
2023-04-13 03:40:06,048 INFO /Users/albinaalieva/Documents/PycharmProjects/pythonProject10/venv/lib/python3.8/site-packages/django/utils/autoreload.py None /Users/albinaalieva/Documents/PycharmProjects/pythonProject10/NewsPaper/NewsPaper/settings.py changed, reloading.
2023-04-13 03:40:06,555 INFO /Users/albinaalieva/Documents/PycharmProjects/pythonProject10/venv/lib/python3.8/site-packages/django/utils/autoreload.py None Watching for file changes with StatReloader
2023-04-13 05:48:02,401 INFO /Users/albinaalieva/Documents/PycharmProjects/pythonProject10/venv/lib/python3.8/site-packages/django/utils/autoreload.py None /Users/albinaalieva/Documents/PycharmProjects/pythonProject10/NewsPaper/NewsPaper/settings.py changed, reloading.
